<?xml version="1.0" encoding="UTF-8"?>
<!-- Generated by org.testng.reporters.JUnitReportReporter -->
<testsuite skipped="0" hostname="DESKTOP-K2L4EEU" name="TestscriptsforPom.YahooTest" tests="1" failures="0" timestamp="10 Jan 2022 06:01:44 GMT" time="46.189" errors="0">
  <testcase name="test1" time="46.189" classname="TestscriptsforPom.YahooTest"/>
</testsuite> <!-- TestscriptsforPom.YahooTest -->
