<?xml version="1.0" encoding="UTF-8"?>
<!-- Generated by org.testng.reporters.JUnitReportReporter -->
<testsuite skipped="0" hostname="DESKTOP-K2L4EEU" name="TestNg.Testngclass" tests="2" failures="0" timestamp="03 Jan 2022 06:35:01 GMT" time="0.032" errors="0">
  <testcase name="test10" time="0.029" classname="TestNg.Testngclass"/>
  <testcase name="test20" time="0.003" classname="TestNg.Testngclass"/>
</testsuite> <!-- TestNg.Testngclass -->
