<?xml version="1.0" encoding="UTF-8"?>
<!-- Generated by org.testng.reporters.JUnitReportReporter -->
<testsuite skipped="0" hostname="DESKTOP-K2L4EEU" name="TestNg.Testngclass1" tests="1" failures="0" timestamp="03 Jan 2022 06:52:05 GMT" time="0.026" errors="0">
  <testcase name="zest2" time="0.026" classname="TestNg.Testngclass1"/>
</testsuite> <!-- TestNg.Testngclass1 -->
