<?xml version="1.0" encoding="UTF-8"?>
<!-- Generated by org.testng.reporters.JUnitReportReporter -->
<testsuite skipped="0" hostname="DESKTOP-K2L4EEU" name="TestscriptsforPom.Testscriptpom" tests="1" failures="0" timestamp="10 Jan 2022 06:50:12 GMT" time="47.228" errors="0">
  <testcase name="test1" time="47.228" classname="TestscriptsforPom.Testscriptpom"/>
</testsuite> <!-- TestscriptsforPom.Testscriptpom -->
