<?xml version="1.0" encoding="UTF-8"?>
<!-- Generated by org.testng.reporters.JUnitReportReporter -->
<testsuite skipped="0" hostname="DESKTOP-K2L4EEU" name="TestNg.Testngclass2" tests="6" failures="0" timestamp="03 Jan 2022 07:01:20 GMT" time="0.046" errors="0">
  <testcase name="test12" time="0.020" classname="TestNg.Testngclass2"/>
  <testcase name="test12" time="0.004" classname="TestNg.Testngclass2"/>
  <testcase name="test12" time="0.002" classname="TestNg.Testngclass2"/>
  <testcase name="test12" time="0.016" classname="TestNg.Testngclass2"/>
  <testcase name="test1" time="0.003" classname="TestNg.Testngclass2"/>
  <testcase name="test1" time="0.001" classname="TestNg.Testngclass2"/>
</testsuite> <!-- TestNg.Testngclass2 -->
