<?xml version="1.0" encoding="UTF-8"?>
<!-- Generated by org.testng.reporters.JUnitReportReporter -->
<testsuite skipped="0" hostname="DESKTOP-K2L4EEU" name="TestNgScripts.Sample1" tests="1" failures="0" timestamp="04 Jan 2022 06:49:24 GMT" time="62.852" errors="0">
  <testcase name="test1" time="62.852" classname="TestNgScripts.Sample1"/>
</testsuite> <!-- TestNgScripts.Sample1 -->
