<?xml version="1.0" encoding="UTF-8"?>
<!-- Generated by org.testng.reporters.JUnitReportReporter -->
<testsuite skipped="0" hostname="DESKTOP-K2L4EEU" name="TestscriptsforPom.Gamiltest" tests="1" failures="0" timestamp="10 Jan 2022 06:43:20 GMT" time="25.577" errors="0">
  <testcase name="Gmaillog" time="25.577" classname="TestscriptsforPom.Gamiltest"/>
</testsuite> <!-- TestscriptsforPom.Gamiltest -->
