<?xml version="1.0" encoding="UTF-8"?>
<!-- Generated by org.testng.reporters.JUnitReportReporter -->
<testsuite skipped="0" hostname="DESKTOP-K2L4EEU" name="TestNgScripts.Sample2" tests="1" failures="0" timestamp="04 Jan 2022 07:17:06 GMT" time="23.643" errors="0">
  <testcase name="test1" time="23.643" classname="TestNgScripts.Sample2"/>
</testsuite> <!-- TestNgScripts.Sample2 -->
